  Mage.cpp
D:\AdventureGame\John Gotts\Text Based RPG\TextBasedRPG\TextBasedRPG\Player.h(8,14): error C3646:  'Name': unknown override specifier
D:\AdventureGame\John Gotts\Text Based RPG\TextBasedRPG\TextBasedRPG\Player.h(8,14): error C4430:  missing type specifier - int assumed. Note: C++ does not support default-int
D:\AdventureGame\John Gotts\Text Based RPG\TextBasedRPG\TextBasedRPG\Player.h(9,14): error C3646:  'Race': unknown override specifier
D:\AdventureGame\John Gotts\Text Based RPG\TextBasedRPG\TextBasedRPG\Player.h(9,14): error C4430:  missing type specifier - int assumed. Note: C++ does not support default-int
D:\AdventureGame\John Gotts\Text Based RPG\TextBasedRPG\TextBasedRPG\Player.h(10,15): error C3646:  'Class': unknown override specifier
D:\AdventureGame\John Gotts\Text Based RPG\TextBasedRPG\TextBasedRPG\Player.h(10,15): error C4430:  missing type specifier - int assumed. Note: C++ does not support default-int
D:\AdventureGame\John Gotts\Text Based RPG\TextBasedRPG\TextBasedRPG\Player.h(11,16): error C3646:  'Attack': unknown override specifier
D:\AdventureGame\John Gotts\Text Based RPG\TextBasedRPG\TextBasedRPG\Player.h(11,16): error C4430:  missing type specifier - int assumed. Note: C++ does not support default-int
D:\AdventureGame\John Gotts\Text Based RPG\TextBasedRPG\TextBasedRPG\Mage.cpp(10,26): error C2065:  'Race': undeclared identifier
  main.cpp
D:\AdventureGame\John Gotts\Text Based RPG\TextBasedRPG\TextBasedRPG\Mage.cpp(10,56): error C2065:  'Name': undeclared identifier
D:\AdventureGame\John Gotts\Text Based RPG\TextBasedRPG\TextBasedRPG\Player.h(8,14): error C3646:  'Name': unknown override specifier
D:\AdventureGame\John Gotts\Text Based RPG\TextBasedRPG\TextBasedRPG\Player.h(8,14): error C4430:  missing type specifier - int assumed. Note: C++ does not support default-int
D:\AdventureGame\John Gotts\Text Based RPG\TextBasedRPG\TextBasedRPG\Player.h(9,14): error C3646:  'Race': unknown override specifier
D:\AdventureGame\John Gotts\Text Based RPG\TextBasedRPG\TextBasedRPG\Player.h(9,14): error C4430:  missing type specifier - int assumed. Note: C++ does not support default-int
D:\AdventureGame\John Gotts\Text Based RPG\TextBasedRPG\TextBasedRPG\Player.h(10,15): error C3646:  'Class': unknown override specifier
D:\AdventureGame\John Gotts\Text Based RPG\TextBasedRPG\TextBasedRPG\Player.h(10,15): error C4430:  missing type specifier - int assumed. Note: C++ does not support default-int
D:\AdventureGame\John Gotts\Text Based RPG\TextBasedRPG\TextBasedRPG\Player.h(11,16): error C3646:  'Attack': unknown override specifier
  Player.cpp
D:\AdventureGame\John Gotts\Text Based RPG\TextBasedRPG\TextBasedRPG\Player.h(11,16): error C4430:  missing type specifier - int assumed. Note: C++ does not support default-int
D:\AdventureGame\John Gotts\Text Based RPG\TextBasedRPG\TextBasedRPG\Player.h(8,14): error C3646:  'Name': unknown override specifier
D:\AdventureGame\John Gotts\Text Based RPG\TextBasedRPG\TextBasedRPG\Player.h(8,14): error C4430:  missing type specifier - int assumed. Note: C++ does not support default-int
D:\AdventureGame\John Gotts\Text Based RPG\TextBasedRPG\TextBasedRPG\Player.h(9,14): error C3646:  'Race': unknown override specifier
D:\AdventureGame\John Gotts\Text Based RPG\TextBasedRPG\TextBasedRPG\Player.h(9,14): error C4430:  missing type specifier - int assumed. Note: C++ does not support default-int
D:\AdventureGame\John Gotts\Text Based RPG\TextBasedRPG\TextBasedRPG\Player.h(10,15): error C3646:  'Class': unknown override specifier
D:\AdventureGame\John Gotts\Text Based RPG\TextBasedRPG\TextBasedRPG\Player.h(10,15): error C4430:  missing type specifier - int assumed. Note: C++ does not support default-int
D:\AdventureGame\John Gotts\Text Based RPG\TextBasedRPG\TextBasedRPG\Player.h(11,16): error C3646:  'Attack': unknown override specifier
D:\AdventureGame\John Gotts\Text Based RPG\TextBasedRPG\TextBasedRPG\Player.h(11,16): error C4430:  missing type specifier - int assumed. Note: C++ does not support default-int
D:\AdventureGame\John Gotts\Text Based RPG\TextBasedRPG\TextBasedRPG\Player.cpp(18,5): error C2065:  'Class': undeclared identifier
D:\AdventureGame\John Gotts\Text Based RPG\TextBasedRPG\TextBasedRPG\Player.cpp(22,5): error C2065:  'Class': undeclared identifier
D:\AdventureGame\John Gotts\Text Based RPG\TextBasedRPG\TextBasedRPG\Player.cpp(26,5): error C2065:  'Class': undeclared identifier
D:\AdventureGame\John Gotts\Text Based RPG\TextBasedRPG\TextBasedRPG\Player.cpp(49,4): error C2065:  'Race': undeclared identifier
D:\AdventureGame\John Gotts\Text Based RPG\TextBasedRPG\TextBasedRPG\Player.cpp(53,4): error C2065:  'Race': undeclared identifier
D:\AdventureGame\John Gotts\Text Based RPG\TextBasedRPG\TextBasedRPG\Player.cpp(57,4): error C2065:  'Race': undeclared identifier
  Generating Code...
D:\AdventureGame\John Gotts\Text Based RPG\TextBasedRPG\TextBasedRPG\Player.cpp(72,9): error C2065:  'Name': undeclared identifier
